Arguments: 
  /usr/local/bin/node /Users/thomasfrancis/.yarn/bin/yarn.js add apollo apollo-boost @apollo/react-hooks react react-blessed react-devtools react-router ws open keytar graphql form-data dotenv cross-fetch blessed babel-plugin-transform-class-properties @babel/core @babel/preset-env @babel/preset-react @babel/preset-typescript @babel/register

PATH: 
  /Users/thomasfrancis/.yarn/bin:/Users/thomasfrancis/.config/yarn/global/node_modules/.bin:/Users/thomasfrancis/.pyenv/shims:/Library/Frameworks/Python.framework/Versions/3.9/bin:/usr/local/bin:/usr/bin:/bin:/usr/sbin:/sbin:/opt/puppetlabs/bin:/Library/Apple/usr/bin:/Users/thomasfrancis/.yarn/bin:/Users/thomasfrancis/.config/yarn/global/node_modules/.bin:/Users/thomasfrancis/.pyenv/shims:/opt/homebrew/bin:/opt/homebrew/sbin:/Library/Frameworks/Python.framework/Versions/3.9/bin

Yarn version: 
  1.22.5

Node version: 
  14.16.0

Platform: 
  darwin x64

Trace: 
  SyntaxError: /Users/thomasfrancis/Documents/yorha/tieje-study-notes/06-graphql/github-client/package.json: Unexpected token y in JSON at position 380
      at JSON.parse (<anonymous>)
      at /Users/thomasfrancis/.yarn/lib/cli.js:1625:59
      at Generator.next (<anonymous>)
      at step (/Users/thomasfrancis/.yarn/lib/cli.js:310:30)
      at /Users/thomasfrancis/.yarn/lib/cli.js:321:13

npm manifest: 
  {
    "name": "github-client",
    "version": "1.0.0",
    "description": "",
    "main": "index.js",
    "scripts": {
      "test": "echo \"Error: no test specified\" && exit 1",
      "start": "babel-node --inspect src/index.tsx --extensions \".js, .ts, .jsx, .tsx, \""
    },
    "keywords": [],
    "author": "",
    "license": "ISC",
    "dependencies": {
      "babel-node": "^0.0.1-security"
    }
  }
  
  yarn add apollo apollo-boost @apollo/react-hooks react react-blessed react-devtools react-router ws open keytar graphql form-data dotenv cross-fetch blessed babel-plugin-transform-class-properties @babel/core @babel/preset-env @babel/preset-react @babel/preset-typescript @babel/register

yarn manifest: 
  No manifest

Lockfile: 
  # THIS IS AN AUTOGENERATED FILE. DO NOT EDIT THIS FILE DIRECTLY.
  # yarn lockfile v1
  
  
  babel-node@^0.0.1-security:
    version "0.0.1-security"
    resolved "https://registry.yarnpkg.com/babel-node/-/babel-node-0.0.1-security.tgz#cbff6d9e7a2acb4065c1839c234d5c57091d7217"
    integrity sha512-zF3D9H2FA2xrP+B/X462G+38aHpmR+33jBF7NowfPuV4CiPEzAR1Typ1RC+qPfe0vCeWeV0FLG2pfVGb0vIfeg==
